<?xml version="1.0" encoding="UTF-8"?>
<testsuite xmlns:xsi="http://www.w3.org/2001/XMLSchema-instance" xsi:noNamespaceSchemaLocation="https://maven.apache.org/surefire/maven-surefire-plugin/xsd/surefire-test-report-3.0.xsd" version="3.0" name="com.mastfrog.util.cache.ExpirationTimingTest" time="0.563" tests="1" errors="0" skipped="0" failures="0">
  <properties>
    <property name="awt.toolkit" value="sun.awt.X11.XToolkit"/>
    <property name="file.encoding.pkg" value="sun.io"/>
    <property name="java.specification.version" value="1.8"/>
    <property name="sun.cpu.isalist" value=""/>
    <property name="forkNumber" value=""/>
    <property name="sun.jnu.encoding" value="UTF-8"/>
    <property name="java.class.path" value="/home/tim/work/personal/mastfrog-parent/util/cache/target/test-classes:/home/tim/work/personal/mastfrog-parent/util/cache/target/classes:/home/tim/work/personal/mastfrog-parent/util/abstractions/target/abstractions-2.7.3.jar:/home/tim/work/personal/mastfrog-parent/util/util-preconditions/target/util-preconditions-2.7.3.jar:/home/tim/.m2/repository/org/junit/jupiter/junit-jupiter-api/5.8.1/junit-jupiter-api-5.8.1.jar:/home/tim/.m2/repository/org/opentest4j/opentest4j/1.2.0/opentest4j-1.2.0.jar:/home/tim/.m2/repository/org/junit/platform/junit-platform-commons/1.8.1/junit-platform-commons-1.8.1.jar:/home/tim/.m2/repository/org/apiguardian/apiguardian-api/1.1.2/apiguardian-api-1.1.2.jar:/home/tim/.m2/repository/org/junit/jupiter/junit-jupiter-params/5.8.1/junit-jupiter-params-5.8.1.jar:/home/tim/.m2/repository/org/junit/jupiter/junit-jupiter-engine/5.8.1/junit-jupiter-engine-5.8.1.jar:/home/tim/.m2/repository/org/junit/platform/junit-platform-engine/1.8.1/junit-platform-engine-1.8.1.jar:"/>
    <property name="java.vm.vendor" value="Oracle Corporation"/>
    <property name="sun.arch.data.model" value="64"/>
    <property name="java.vendor.url" value="http://java.oracle.com/"/>
    <property name="user.timezone" value=""/>
    <property name="java.vm.specification.version" value="1.8"/>
    <property name="os.name" value="Linux"/>
    <property name="unit.test" value="true"/>
    <property name="user.country" value="US"/>
    <property name="sun.java.launcher" value="SUN_STANDARD"/>
    <property name="system.exit.on.bind.failure" value="false"/>
    <property name="sun.boot.library.path" value="/opt/jdk1.8.0_221/jre/lib/amd64"/>
    <property name="sun.java.command" value="/home/tim/work/personal/mastfrog-parent/util/cache/target/surefire/surefirebooter5218299017663789105.jar /home/tim/work/personal/mastfrog-parent/util/cache/target/surefire 2021-11-10T10-36-18_417-jvmRun4 surefire4025493434329208658tmp surefire_464539660386650346988tmp"/>
    <property name="surefire.test.class.path" value="/home/tim/work/personal/mastfrog-parent/util/cache/target/test-classes:/home/tim/work/personal/mastfrog-parent/util/cache/target/classes:/home/tim/work/personal/mastfrog-parent/util/abstractions/target/abstractions-2.7.3.jar:/home/tim/work/personal/mastfrog-parent/util/util-preconditions/target/util-preconditions-2.7.3.jar:/home/tim/.m2/repository/org/junit/jupiter/junit-jupiter-api/5.8.1/junit-jupiter-api-5.8.1.jar:/home/tim/.m2/repository/org/opentest4j/opentest4j/1.2.0/opentest4j-1.2.0.jar:/home/tim/.m2/repository/org/junit/platform/junit-platform-commons/1.8.1/junit-platform-commons-1.8.1.jar:/home/tim/.m2/repository/org/apiguardian/apiguardian-api/1.1.2/apiguardian-api-1.1.2.jar:/home/tim/.m2/repository/org/junit/jupiter/junit-jupiter-params/5.8.1/junit-jupiter-params-5.8.1.jar:/home/tim/.m2/repository/org/junit/jupiter/junit-jupiter-engine/5.8.1/junit-jupiter-engine-5.8.1.jar:/home/tim/.m2/repository/org/junit/platform/junit-platform-engine/1.8.1/junit-platform-engine-1.8.1.jar:"/>
    <property name="sun.cpu.endian" value="little"/>
    <property name="user.home" value="/home/tim"/>
    <property name="user.language" value="en"/>
    <property name="java.specification.vendor" value="Oracle Corporation"/>
    <property name="java.home" value="/opt/jdk1.8.0_221/jre"/>
    <property name="basedir" value="/home/tim/work/personal/mastfrog-parent/util/cache"/>
    <property name="file.separator" value="/"/>
    <property name="line.separator" value="&#10;"/>
    <property name="java.vm.specification.vendor" value="Oracle Corporation"/>
    <property name="java.specification.name" value="Java Platform API Specification"/>
    <property name="java.awt.graphicsenv" value="sun.awt.X11GraphicsEnvironment"/>
    <property name="surefire.real.class.path" value="/home/tim/work/personal/mastfrog-parent/util/cache/target/surefire/surefirebooter5218299017663789105.jar"/>
    <property name="sun.boot.class.path" value="/opt/jdk1.8.0_221/jre/lib/resources.jar:/opt/jdk1.8.0_221/jre/lib/rt.jar:/opt/jdk1.8.0_221/jre/lib/sunrsasign.jar:/opt/jdk1.8.0_221/jre/lib/jsse.jar:/opt/jdk1.8.0_221/jre/lib/jce.jar:/opt/jdk1.8.0_221/jre/lib/charsets.jar:/opt/jdk1.8.0_221/jre/lib/jfr.jar:/opt/jdk1.8.0_221/jre/classes"/>
    <property name="sun.management.compiler" value="HotSpot 64-Bit Tiered Compilers"/>
    <property name="java.runtime.version" value="1.8.0_221-b11"/>
    <property name="user.name" value="tim"/>
    <property name="path.separator" value=":"/>
    <property name="os.version" value="5.14.7-gentoo"/>
    <property name="java.endorsed.dirs" value="/opt/jdk1.8.0_221/jre/lib/endorsed"/>
    <property name="java.runtime.name" value="Java(TM) SE Runtime Environment"/>
    <property name="file.encoding" value="UTF-8"/>
    <property name="java.vm.name" value="Java HotSpot(TM) 64-Bit Server VM"/>
    <property name="localRepository" value="/home/tim/.m2/repository"/>
    <property name="java.vendor.url.bug" value="http://bugreport.sun.com/bugreport/"/>
    <property name="java.io.tmpdir" value="/tmp"/>
    <property name="java.version" value="1.8.0_221"/>
    <property name="user.dir" value="/home/tim/work/personal/mastfrog-parent/util/cache"/>
    <property name="os.arch" value="amd64"/>
    <property name="java.vm.specification.name" value="Java Virtual Machine Specification"/>
    <property name="java.awt.printerjob" value="sun.print.PSPrinterJob"/>
    <property name="sun.os.patch.level" value="unknown"/>
    <property name="acteur.debug" value="false"/>
    <property name="java.library.path" value="/usr/java/packages/lib/amd64:/usr/lib64:/lib64:/lib:/usr/lib"/>
    <property name="java.vm.info" value="mixed mode"/>
    <property name="java.vendor" value="Oracle Corporation"/>
    <property name="java.vm.version" value="25.221-b11"/>
    <property name="java.ext.dirs" value="/opt/jdk1.8.0_221/jre/lib/ext:/usr/java/packages/lib/ext"/>
    <property name="sun.io.unicode.encoding" value="UnicodeLittle"/>
    <property name="java.class.version" value="52.0"/>
  </properties>
  <testcase name="test" classname="com.mastfrog.util.cache.ExpirationTimingTest" time="0.548"/>
</testsuite>